<?xml version="1.0" encoding="UTF-8"?>
<!-- Generated by org.testng.reporters.JUnitReportReporter -->
<testsuite hostname="DESKTOP-EBFLCFN" failures="0" tests="1" name="com.qa.tests.GetApiTest" time="0.680" errors="0" timestamp="12 Jun 2021 10:26:20 GMT" skipped="0">
  <testcase classname="com.qa.tests.GetApiTest" name="getTest" time="0.680"/>
</testsuite> <!-- com.qa.tests.GetApiTest -->
